<?xml version="1.0" encoding="UTF-8"?>
<!-- Generated by org.testng.reporters.JUnitReportReporter -->
<testsuite hostname="SSIIN-174.local" failures="0" tests="1" name="com.jobma.qa.test.InterviewProcessTest" time="15.180" errors="0" timestamp="2024-03-18T17:06:42 IST" skipped="0">
  <testcase classname="com.jobma.qa.test.InterviewProcessTest" name="interviewProcessTest" time="15.180"/>
</testsuite> <!-- com.jobma.qa.test.InterviewProcessTest -->
