<?xml version="1.0" encoding="UTF-8"?>
<!-- Generated by org.testng.reporters.JUnitReportReporter -->
<testsuite hostname="LAPTOP-VPNU0H6L" failures="0" tests="1" name="com.jobma.qa.test.LoginPageTest" time="7.486" errors="0" timestamp="2024-02-24T23:12:29 IST" skipped="0">
  <testcase classname="com.jobma.qa.test.LoginPageTest" name="loginPageTest" time="7.486"/>
</testsuite> <!-- com.jobma.qa.test.LoginPageTest -->
