<?xml version="1.0" encoding="UTF-8"?>
<!-- Generated by org.testng.reporters.JUnitReportReporter -->
<testsuite hostname="LAPTOP-VPNU0H6L" failures="0" tests="2" name="com.jobma.qa.test.LoginPageTest" time="3.303" errors="0" timestamp="2024-03-14T08:13:58 IST" skipped="0">
  <testcase classname="com.jobma.qa.test.LoginPageTest" name="loginPageTest" time="1.762"/>
  <testcase classname="com.jobma.qa.test.LoginPageTest" name="loginPageTest" time="1.541"/>
</testsuite> <!-- com.jobma.qa.test.LoginPageTest -->
